[debug] [2020-08-13T02:05:43.478Z] ----------------------------------------------------------------------
[debug] [2020-08-13T02:05:43.480Z] Command:       C:\Users\Craig\DOCUME~1\PHONE2~1\firebase-cli.exe C:\Users\Craig\.cache\firebase\tools\lib\node_modules\firebase-tools\lib\bin\firebase serve
[debug] [2020-08-13T02:05:43.480Z] CLI Version:   8.6.0
[debug] [2020-08-13T02:05:43.480Z] Platform:      win32
[debug] [2020-08-13T02:05:43.481Z] Node Version:  v12.18.1
[debug] [2020-08-13T02:05:43.481Z] Time:          Wed Aug 12 2020 22:05:43 GMT-0400 (Eastern Daylight Time)
[debug] [2020-08-13T02:05:43.481Z] ----------------------------------------------------------------------
[debug] [2020-08-13T02:05:43.482Z] 
[debug] [2020-08-13T02:05:43.489Z] > command requires scopes: ["email","openid","https://www.googleapis.com/auth/cloudplatformprojects.readonly","https://www.googleapis.com/auth/firebase","https://www.googleapis.com/auth/cloud-platform"]
[debug] [2020-08-13T02:05:43.489Z] > authorizing via signed-in user
[debug] [2020-08-13T02:05:43.489Z] [iam] checking project phone2word for permissions ["firebase.projects.get"]
[debug] [2020-08-13T02:05:43.492Z] >>> HTTP REQUEST POST https://cloudresourcemanager.googleapis.com/v1/projects/phone2word:testIamPermissions  
 {"permissions":["firebase.projects.get"]}
[debug] [2020-08-13T02:05:43.664Z] <<< HTTP RESPONSE 200 {"content-type":"application/json; charset=UTF-8","vary":"X-Origin, Referer, Origin,Accept-Encoding","date":"Thu, 13 Aug 2020 02:05:44 GMT","server":"ESF","cache-control":"private","x-xss-protection":"0","x-frame-options":"SAMEORIGIN","x-content-type-options":"nosniff","server-timing":"gfet4t7; dur=47","alt-svc":"h3-29=\":443\"; ma=2592000,h3-27=\":443\"; ma=2592000,h3-T050=\":443\"; ma=2592000,h3-Q050=\":443\"; ma=2592000,h3-Q046=\":443\"; ma=2592000,h3-Q043=\":443\"; ma=2592000,quic=\":443\"; ma=2592000; v=\"46,43\"","accept-ranges":"none","transfer-encoding":"chunked"}
[debug] [2020-08-13T02:05:43.665Z] >>> HTTP REQUEST GET https://firebase.googleapis.com/v1beta1/projects/phone2word  
 
[debug] [2020-08-13T02:05:43.959Z] <<< HTTP RESPONSE 200 {"content-type":"application/json; charset=UTF-8","vary":"X-Origin, Referer, Origin,Accept-Encoding","date":"Thu, 13 Aug 2020 02:05:44 GMT","server":"ESF","cache-control":"private","x-xss-protection":"0","x-frame-options":"SAMEORIGIN","x-content-type-options":"nosniff","alt-svc":"h3-29=\":443\"; ma=2592000,h3-27=\":443\"; ma=2592000,h3-T050=\":443\"; ma=2592000,h3-Q050=\":443\"; ma=2592000,h3-Q046=\":443\"; ma=2592000,h3-Q043=\":443\"; ma=2592000,quic=\":443\"; ma=2592000; v=\"46,43\"","accept-ranges":"none","transfer-encoding":"chunked"}
[info] 
[info] === Serving from 'C:\Users\Craig\Documents\phone2word'...
[info] 
[debug] [2020-08-13T02:05:43.963Z] >>> HTTP REQUEST GET https://firebase.googleapis.com/v1beta1/projects/phone2word/webApps/-/config  
 
[debug] [2020-08-13T02:05:44.440Z] <<< HTTP RESPONSE 200 {"content-type":"application/json; charset=UTF-8","vary":"X-Origin, Referer, Origin,Accept-Encoding","date":"Thu, 13 Aug 2020 02:05:44 GMT","server":"ESF","cache-control":"private","x-xss-protection":"0","x-frame-options":"SAMEORIGIN","x-content-type-options":"nosniff","alt-svc":"h3-29=\":443\"; ma=2592000,h3-27=\":443\"; ma=2592000,h3-T050=\":443\"; ma=2592000,h3-Q050=\":443\"; ma=2592000,h3-Q046=\":443\"; ma=2592000,h3-Q043=\":443\"; ma=2592000,quic=\":443\"; ma=2592000; v=\"46,43\"","accept-ranges":"none","transfer-encoding":"chunked"}
[info] i  hosting: Serving hosting files from: / {"metadata":{"emulator":{"name":"hosting"},"message":"Serving hosting files from: \u001b[1m/\u001b[22m"}}
[info] +  hosting: Local server: http://localhost:5000 {"metadata":{"emulator":{"name":"hosting"},"message":"Local server: \u001b[4m\u001b[1mhttp://localhost:5000\u001b[22m\u001b[24m"}}
[info] i  hosting: 127.0.0.1 - - [13/Aug/2020:02:05:56 +0000] "GET /js/main.js HTTP/1.1" 200 19969 "http://localhost:5000/" "Mozilla/5.0 (Windows NT 10.0; Win64; x64) AppleWebKit/537.36 (KHTML, like Gecko) Chrome/84.0.4147.125 Safari/537.36" {"metadata":{"emulator":{"name":"hosting"},"message":"127.0.0.1 - - [13/Aug/2020:02:05:56 +0000] \"GET /js/main.js HTTP/1.1\" 200 19969 \"http://localhost:5000/\" \"Mozilla/5.0 (Windows NT 10.0; Win64; x64) AppleWebKit/537.36 (KHTML, like Gecko) Chrome/84.0.4147.125 Safari/537.36\""}}
[info] i  hosting: 127.0.0.1 - - [13/Aug/2020:02:08:25 +0000] "GET / HTTP/1.1" 200 6954 "-" "Mozilla/5.0 (Windows NT 10.0; Win64; x64) AppleWebKit/537.36 (KHTML, like Gecko) Chrome/84.0.4147.125 Safari/537.36" {"metadata":{"emulator":{"name":"hosting"},"message":"127.0.0.1 - - [13/Aug/2020:02:08:25 +0000] \"GET / HTTP/1.1\" 200 6954 \"-\" \"Mozilla/5.0 (Windows NT 10.0; Win64; x64) AppleWebKit/537.36 (KHTML, like Gecko) Chrome/84.0.4147.125 Safari/537.36\""}}
[info] i  hosting: 127.0.0.1 - - [13/Aug/2020:02:08:25 +0000] "GET /js/main.js HTTP/1.1" 200 20044 "http://localhost:5000/" "Mozilla/5.0 (Windows NT 10.0; Win64; x64) AppleWebKit/537.36 (KHTML, like Gecko) Chrome/84.0.4147.125 Safari/537.36" {"metadata":{"emulator":{"name":"hosting"},"message":"127.0.0.1 - - [13/Aug/2020:02:08:25 +0000] \"GET /js/main.js HTTP/1.1\" 200 20044 \"http://localhost:5000/\" \"Mozilla/5.0 (Windows NT 10.0; Win64; x64) AppleWebKit/537.36 (KHTML, like Gecko) Chrome/84.0.4147.125 Safari/537.36\""}}
[info] Shutting down...
[debug] [2020-08-13T02:09:33.998Z] ----------------------------------------------------------------------
[debug] [2020-08-13T02:09:34.000Z] Command:       C:\Users\Craig\DOCUME~1\PHONE2~1\firebase-cli.exe C:\Users\Craig\.cache\firebase\tools\lib\node_modules\firebase-tools\lib\bin\firebase serve
[debug] [2020-08-13T02:09:34.000Z] CLI Version:   8.6.0
[debug] [2020-08-13T02:09:34.000Z] Platform:      win32
[debug] [2020-08-13T02:09:34.000Z] Node Version:  v12.18.1
[debug] [2020-08-13T02:09:34.001Z] Time:          Wed Aug 12 2020 22:09:34 GMT-0400 (Eastern Daylight Time)
[debug] [2020-08-13T02:09:34.001Z] ----------------------------------------------------------------------
[debug] [2020-08-13T02:09:34.001Z] 
[debug] [2020-08-13T02:09:34.009Z] > command requires scopes: ["email","openid","https://www.googleapis.com/auth/cloudplatformprojects.readonly","https://www.googleapis.com/auth/firebase","https://www.googleapis.com/auth/cloud-platform"]
[debug] [2020-08-13T02:09:34.009Z] > authorizing via signed-in user
[debug] [2020-08-13T02:09:34.010Z] [iam] checking project phone2word for permissions ["firebase.projects.get"]
[debug] [2020-08-13T02:09:34.012Z] >>> HTTP REQUEST POST https://cloudresourcemanager.googleapis.com/v1/projects/phone2word:testIamPermissions  
 {"permissions":["firebase.projects.get"]}
[debug] [2020-08-13T02:09:34.262Z] <<< HTTP RESPONSE 200 {"content-type":"application/json; charset=UTF-8","vary":"X-Origin, Referer, Origin,Accept-Encoding","date":"Thu, 13 Aug 2020 02:09:34 GMT","server":"ESF","cache-control":"private","x-xss-protection":"0","x-frame-options":"SAMEORIGIN","x-content-type-options":"nosniff","server-timing":"gfet4t7; dur=43","alt-svc":"h3-29=\":443\"; ma=2592000,h3-27=\":443\"; ma=2592000,h3-T050=\":443\"; ma=2592000,h3-Q050=\":443\"; ma=2592000,h3-Q046=\":443\"; ma=2592000,h3-Q043=\":443\"; ma=2592000,quic=\":443\"; ma=2592000; v=\"46,43\"","accept-ranges":"none","transfer-encoding":"chunked"}
[debug] [2020-08-13T02:09:34.264Z] >>> HTTP REQUEST GET https://firebase.googleapis.com/v1beta1/projects/phone2word  
 
[debug] [2020-08-13T02:09:34.548Z] <<< HTTP RESPONSE 200 {"content-type":"application/json; charset=UTF-8","vary":"X-Origin, Referer, Origin,Accept-Encoding","date":"Thu, 13 Aug 2020 02:09:34 GMT","server":"ESF","cache-control":"private","x-xss-protection":"0","x-frame-options":"SAMEORIGIN","x-content-type-options":"nosniff","alt-svc":"h3-29=\":443\"; ma=2592000,h3-27=\":443\"; ma=2592000,h3-T050=\":443\"; ma=2592000,h3-Q050=\":443\"; ma=2592000,h3-Q046=\":443\"; ma=2592000,h3-Q043=\":443\"; ma=2592000,quic=\":443\"; ma=2592000; v=\"46,43\"","accept-ranges":"none","transfer-encoding":"chunked"}
[info] 
[info] === Serving from 'C:\Users\Craig\Documents\phone2word'...
[info] 
[debug] [2020-08-13T02:09:34.551Z] >>> HTTP REQUEST GET https://firebase.googleapis.com/v1beta1/projects/phone2word/webApps/-/config  
 
[debug] [2020-08-13T02:09:34.996Z] <<< HTTP RESPONSE 200 {"content-type":"application/json; charset=UTF-8","vary":"X-Origin, Referer, Origin,Accept-Encoding","date":"Thu, 13 Aug 2020 02:09:35 GMT","server":"ESF","cache-control":"private","x-xss-protection":"0","x-frame-options":"SAMEORIGIN","x-content-type-options":"nosniff","alt-svc":"h3-29=\":443\"; ma=2592000,h3-27=\":443\"; ma=2592000,h3-T050=\":443\"; ma=2592000,h3-Q050=\":443\"; ma=2592000,h3-Q046=\":443\"; ma=2592000,h3-Q043=\":443\"; ma=2592000,quic=\":443\"; ma=2592000; v=\"46,43\"","accept-ranges":"none","transfer-encoding":"chunked"}
[info] i  hosting: Serving hosting files from: / {"metadata":{"emulator":{"name":"hosting"},"message":"Serving hosting files from: \u001b[1m/\u001b[22m"}}
[info] +  hosting: Local server: http://localhost:5000 {"metadata":{"emulator":{"name":"hosting"},"message":"Local server: \u001b[4m\u001b[1mhttp://localhost:5000\u001b[22m\u001b[24m"}}
[info] i  hosting: 127.0.0.1 - - [13/Aug/2020:02:09:45 +0000] "GET / HTTP/1.1" 200 6954 "-" "Mozilla/5.0 (Windows NT 10.0; Win64; x64) AppleWebKit/537.36 (KHTML, like Gecko) Chrome/84.0.4147.125 Safari/537.36" {"metadata":{"emulator":{"name":"hosting"},"message":"127.0.0.1 - - [13/Aug/2020:02:09:45 +0000] \"GET / HTTP/1.1\" 200 6954 \"-\" \"Mozilla/5.0 (Windows NT 10.0; Win64; x64) AppleWebKit/537.36 (KHTML, like Gecko) Chrome/84.0.4147.125 Safari/537.36\""}}
[info] i  hosting: 127.0.0.1 - - [13/Aug/2020:02:09:45 +0000] "GET /js/main.js HTTP/1.1" 200 20197 "http://localhost:5000/" "Mozilla/5.0 (Windows NT 10.0; Win64; x64) AppleWebKit/537.36 (KHTML, like Gecko) Chrome/84.0.4147.125 Safari/537.36" {"metadata":{"emulator":{"name":"hosting"},"message":"127.0.0.1 - - [13/Aug/2020:02:09:45 +0000] \"GET /js/main.js HTTP/1.1\" 200 20197 \"http://localhost:5000/\" \"Mozilla/5.0 (Windows NT 10.0; Win64; x64) AppleWebKit/537.36 (KHTML, like Gecko) Chrome/84.0.4147.125 Safari/537.36\""}}
